<?xml version="1.0" encoding="UTF-8"?>
<coverage generated="1536820215438" clover="3.2.0">
  <project timestamp="1536820215438" name="All files">
    <metrics statements="63" coveredstatements="48" conditionals="12" coveredconditionals="8" methods="15" coveredmethods="10" elements="90" coveredelements="66" complexity="0" loc="63" ncloc="63" packages="4" files="7" classes="7">
      <package name="client.spec">
        <metrics statements="2" coveredstatements="2" conditionals="0" coveredconditionals="0" methods="0" coveredmethods="0"/>
        <file name="dummyData.jsx" path="/Users/davidhong/Desktop/HackReactor/hrsf101-front-end-capstone/client/spec/dummyData.jsx">
          <metrics statements="2" coveredstatements="2" conditionals="0" coveredconditionals="0" methods="0" coveredmethods="0"/>
          <line num="1" count="1" type="stmt"/>
          <line num="3" count="1" type="stmt"/>
        </file>
      </package>
      <package name="client.src">
        <metrics statements="17" coveredstatements="10" conditionals="2" coveredconditionals="1" methods="8" coveredmethods="5"/>
        <file name="Header.jsx" path="/Users/davidhong/Desktop/HackReactor/hrsf101-front-end-capstone/client/src/Header.jsx">
          <metrics statements="3" coveredstatements="3" conditionals="0" coveredconditionals="0" methods="1" coveredmethods="1"/>
          <line num="5" count="2" type="stmt"/>
          <line num="6" count="1" type="stmt"/>
          <line num="7" count="1" type="stmt"/>
        </file>
        <file name="app.jsx" path="/Users/davidhong/Desktop/HackReactor/hrsf101-front-end-capstone/client/src/app.jsx">
          <metrics statements="10" coveredstatements="7" conditionals="2" coveredconditionals="1" methods="7" coveredmethods="4"/>
          <line num="7" count="1" type="stmt"/>
          <line num="8" count="1" type="stmt"/>
          <line num="11" count="0" type="stmt"/>
          <line num="12" count="0" type="stmt"/>
          <line num="21" count="1" type="stmt"/>
          <line num="22" count="1" type="stmt"/>
          <line num="27" count="1" type="stmt"/>
          <line num="28" count="0" type="stmt"/>
          <line num="33" count="1" type="cond" truecount="1" falsecount="1"/>
          <line num="34" count="1" type="stmt"/>
        </file>
        <file name="index.jsx" path="/Users/davidhong/Desktop/HackReactor/hrsf101-front-end-capstone/client/src/index.jsx">
          <metrics statements="4" coveredstatements="0" conditionals="0" coveredconditionals="0" methods="0" coveredmethods="0"/>
          <line num="1" count="0" type="stmt"/>
          <line num="2" count="0" type="stmt"/>
          <line num="3" count="0" type="stmt"/>
          <line num="5" count="0" type="stmt"/>
        </file>
      </package>
      <package name="database">
        <metrics statements="16" coveredstatements="9" conditionals="2" coveredconditionals="0" methods="3" coveredmethods="1"/>
        <file name="index.js" path="/Users/davidhong/Desktop/HackReactor/hrsf101-front-end-capstone/database/index.js">
          <metrics statements="10" coveredstatements="9" conditionals="0" coveredconditionals="0" methods="2" coveredmethods="1"/>
          <line num="1" count="1" type="stmt"/>
          <line num="2" count="1" type="stmt"/>
          <line num="4" count="1" type="stmt"/>
          <line num="5" count="1" type="stmt"/>
          <line num="6" count="0" type="stmt"/>
          <line num="8" count="1" type="stmt"/>
          <line num="9" count="1" type="stmt"/>
          <line num="12" count="1" type="stmt"/>
          <line num="26" count="1" type="stmt"/>
          <line num="27" count="1" type="stmt"/>
        </file>
        <file name="seeder.js" path="/Users/davidhong/Desktop/HackReactor/hrsf101-front-end-capstone/database/seeder.js">
          <metrics statements="6" coveredstatements="0" conditionals="2" coveredconditionals="0" methods="1" coveredmethods="0"/>
          <line num="1" count="0" type="stmt"/>
          <line num="2" count="0" type="stmt"/>
          <line num="4" count="0" type="stmt"/>
          <line num="5" count="0" type="stmt"/>
          <line num="21" count="0" type="stmt"/>
          <line num="22" count="0" type="cond" truecount="0" falsecount="2"/>
        </file>
      </package>
      <package name="server">
        <metrics statements="28" coveredstatements="27" conditionals="8" coveredconditionals="7" methods="4" coveredmethods="4"/>
        <file name="index.js" path="/Users/davidhong/Desktop/HackReactor/hrsf101-front-end-capstone/server/index.js">
          <metrics statements="28" coveredstatements="27" conditionals="8" coveredconditionals="7" methods="4" coveredmethods="4"/>
          <line num="1" count="1" type="stmt"/>
          <line num="2" count="1" type="stmt"/>
          <line num="4" count="1" type="stmt"/>
          <line num="6" count="1" type="stmt"/>
          <line num="7" count="1" type="stmt"/>
          <line num="11" count="1" type="stmt"/>
          <line num="12" count="1" type="stmt"/>
          <line num="13" count="1" type="stmt"/>
          <line num="16" count="1" type="stmt"/>
          <line num="24" count="1" type="stmt"/>
          <line num="33" count="1" type="stmt"/>
          <line num="34" count="1" type="stmt"/>
          <line num="35" count="1" type="stmt"/>
          <line num="36" count="1" type="stmt"/>
          <line num="39" count="1" type="stmt"/>
          <line num="40" count="2" type="stmt"/>
          <line num="41" count="2" type="cond" truecount="2" falsecount="0"/>
          <line num="42" count="1" type="stmt"/>
          <line num="43" count="1" type="stmt"/>
          <line num="44" count="1" type="stmt"/>
          <line num="48" count="1" type="stmt"/>
          <line num="51" count="1" type="stmt"/>
          <line num="52" count="1" type="stmt"/>
          <line num="54" count="1" type="cond" truecount="2" falsecount="0"/>
          <line num="55" count="1" type="cond" truecount="1" falsecount="1"/>
          <line num="56" count="0" type="stmt"/>
          <line num="58" count="1" type="cond" truecount="2" falsecount="0"/>
          <line num="61" count="1" type="stmt"/>
        </file>
      </package>
    </metrics>
  </project>
</coverage>
