{"/Users/davidhong/Desktop/HackReactor/hrsf101-front-end-capstone/database/seeder.js": {"path":"/Users/davidhong/Desktop/HackReactor/hrsf101-front-end-capstone/database/seeder.js","statementMap":{"0":{"start":{"line":1,"column":14},"end":{"line":1,"column":0}},"1":{"start":{"line":2,"column":15},"end":{"line":2,"column":0}},"2":{"start":{"line":3,"column":0},"end":{"line":null,"column":-1}},"3":{"start":{"line":5,"column":0},"end":{"line":36,"column":1}},"4":{"start":{"line":6,"column":18},"end":{"line":6,"column":2}},"5":{"start":{"line":29,"column":2},"end":{"line":31,"column":3}},"6":{"start":{"line":30,"column":4},"end":{"line":null,"column":-1}},"7":{"start":{"line":32,"column":2},"end":{"line":null,"column":-1}},"8":{"start":{"line":32,"column":74},"end":{"line":null,"column":-1}},"9":{"start":{"line":33,"column":2},"end":{"line":null,"column":-1}},"10":{"start":{"line":34,"column":4},"end":{"line":null,"column":-1}}},"fnMap":{"0":{"name":"(anonymous_0)","decl":{"start":{"line":32,"column":74},"end":{"line":32,"column":74}},"loc":{"start":{"line":32,"column":74},"end":{"line":32,"column":30}}},"1":{"name":"(anonymous_1)","decl":{"start":{"line":33,"column":29},"end":{"line":33,"column":37}},"loc":{"start":{"line":33,"column":52},"end":{"line":33,"column":2}}}},"branchMap":{"0":{"loc":{"start":{"line":34,"column":10},"end":{"line":34,"column":7}},"type":"cond-expr","locations":[{"start":{"line":34,"column":10},"end":{"line":34,"column":7}},{"start":{"line":34,"column":33},"end":{"line":34,"column":4}}]}},"s":{"0":0,"1":0,"2":0,"3":0,"4":0,"5":0,"6":0,"7":0,"8":0,"9":0,"10":0},"f":{"0":0,"1":0},"b":{"0":[0,0]}}
}
