{"/Users/davidhong/Desktop/HackReactor/hrsf101-front-end-capstone/client/src/EtcButton.jsx": {"path":"/Users/davidhong/Desktop/HackReactor/hrsf101-front-end-capstone/client/src/EtcButton.jsx","statementMap":{"0":{"start":{"line":1,"column":0},"end":{"line":null,"column":-1}},"1":{"start":{"line":2,"column":0},"end":{"line":null,"column":-1}},"2":{"start":{"line":3,"column":0},"end":{"line":null,"column":-1}},"3":{"start":{"line":4,"column":0},"end":{"line":null,"column":-1}},"4":{"start":{"line":5,"column":0},"end":{"line":null,"column":-1}},"5":{"start":{"line":6,"column":0},"end":{"line":null,"column":-1}},"6":{"start":{"line":8,"column":20},"end":{"line":8,"column":0}},"7":{"start":{"line":11,"column":21},"end":{"line":null,"column":-1}},"8":{"start":{"line":12,"column":4},"end":{"line":null,"column":-1}},"9":{"start":{"line":14,"column":4},"end":{"line":null,"column":-1}},"10":{"start":{"line":15,"column":4},"end":{"line":null,"column":-1}},"11":{"start":{"line":21,"column":4},"end":{"line":null,"column":-1}},"12":{"start":{"line":27,"column":4},"end":{"line":null,"column":-1}},"13":{"start":{"line":62,"column":0},"end":{"line":null,"column":-1}},"14":{"start":{"line":71,"column":0},"end":{"line":null,"column":-1}}},"fnMap":{"0":{"name":"EtcButton","decl":{"start":{"line":11,"column":2},"end":{"line":11,"column":13}},"loc":{"start":{"line":11,"column":21},"end":{"line":18,"column":3}}}},"branchMap":{},"s":{"0":0,"1":0,"2":0,"3":0,"4":0,"5":0,"6":0,"7":0,"8":0,"9":0,"10":0,"11":0,"12":0,"13":0,"14":0},"f":{"0":0},"b":{}}
,"/Users/davidhong/Desktop/HackReactor/hrsf101-front-end-capstone/client/src/FollowButton.jsx": {"path":"/Users/davidhong/Desktop/HackReactor/hrsf101-front-end-capstone/client/src/FollowButton.jsx","statementMap":{"0":{"start":{"line":1,"column":0},"end":{"line":null,"column":-1}},"1":{"start":{"line":2,"column":0},"end":{"line":null,"column":-1}},"2":{"start":{"line":3,"column":0},"end":{"line":null,"column":-1}},"3":{"start":{"line":4,"column":0},"end":{"line":null,"column":-1}},"4":{"start":{"line":5,"column":0},"end":{"line":null,"column":-1}},"5":{"start":{"line":7,"column":23},"end":{"line":7,"column":0}},"6":{"start":{"line":7,"column":33},"end":{"line":null,"column":-1}},"7":{"start":{"line":13,"column":21},"end":{"line":null,"column":-1}},"8":{"start":{"line":14,"column":4},"end":{"line":null,"column":-1}},"9":{"start":{"line":15,"column":4},"end":{"line":null,"column":-1}},"10":{"start":{"line":18,"column":4},"end":{"line":null,"column":-1}},"11":{"start":{"line":22,"column":4},"end":{"line":null,"column":-1}},"12":{"start":{"line":28,"column":17},"end":{"line":28,"column":4}},"13":{"start":{"line":29,"column":4},"end":{"line":null,"column":-1}}},"fnMap":{"0":{"name":"FollowBtnClass","decl":{"start":{"line":7,"column":6},"end":{"line":7,"column":23}},"loc":{"start":{"line":7,"column":33},"end":{"line":7,"column":0}}},"1":{"name":"FollowButton","decl":{"start":{"line":13,"column":2},"end":{"line":13,"column":13}},"loc":{"start":{"line":13,"column":21},"end":{"line":19,"column":3}}}},"branchMap":{"0":{"loc":{"start":{"line":28,"column":47},"end":{"line":28,"column":17}},"type":"cond-expr","locations":[{"start":{"line":28,"column":47},"end":{"line":28,"column":17}},{"start":{"line":28,"column":94},"end":{"line":28,"column":4}}]},"1":{"loc":{"start":{"line":28,"column":66},"end":{"line":28,"column":47}},"type":"cond-expr","locations":[{"start":{"line":28,"column":66},"end":{"line":28,"column":47}},{"start":{"line":28,"column":79},"end":{"line":28,"column":17}}]}},"s":{"0":0,"1":0,"2":0,"3":0,"4":0,"5":0,"6":0,"7":0,"8":0,"9":0,"10":0,"11":0,"12":0,"13":0},"f":{"0":0,"1":0},"b":{"0":[0,0],"1":[0,0]}}
,"/Users/davidhong/Desktop/HackReactor/hrsf101-front-end-capstone/client/src/PlayButton.jsx": {"path":"/Users/davidhong/Desktop/HackReactor/hrsf101-front-end-capstone/client/src/PlayButton.jsx","statementMap":{"0":{"start":{"line":1,"column":0},"end":{"line":null,"column":-1}},"1":{"start":{"line":2,"column":0},"end":{"line":null,"column":-1}},"2":{"start":{"line":3,"column":0},"end":{"line":null,"column":-1}},"3":{"start":{"line":4,"column":0},"end":{"line":null,"column":-1}},"4":{"start":{"line":5,"column":0},"end":{"line":null,"column":-1}},"5":{"start":{"line":7,"column":21},"end":{"line":7,"column":0}},"6":{"start":{"line":10,"column":21},"end":{"line":null,"column":-1}},"7":{"start":{"line":11,"column":4},"end":{"line":null,"column":-1}},"8":{"start":{"line":12,"column":4},"end":{"line":null,"column":-1}},"9":{"start":{"line":15,"column":4},"end":{"line":null,"column":-1}},"10":{"start":{"line":19,"column":4},"end":{"line":null,"column":-1}},"11":{"start":{"line":25,"column":21},"end":{"line":25,"column":4}},"12":{"start":{"line":26,"column":4},"end":{"line":null,"column":-1}}},"fnMap":{"0":{"name":"PlayButton","decl":{"start":{"line":10,"column":2},"end":{"line":10,"column":13}},"loc":{"start":{"line":10,"column":21},"end":{"line":16,"column":3}}}},"branchMap":{"0":{"loc":{"start":{"line":25,"column":43},"end":{"line":25,"column":21}},"type":"cond-expr","locations":[{"start":{"line":25,"column":43},"end":{"line":25,"column":21}},{"start":{"line":25,"column":53},"end":{"line":25,"column":4}}]}},"s":{"0":0,"1":0,"2":0,"3":0,"4":0,"5":0,"6":0,"7":0,"8":0,"9":0,"10":0,"11":0,"12":0},"f":{"0":0},"b":{"0":[0,0]}}
}
