TN:
SF:/Users/davidhong/Desktop/HackReactor/hrsf101-front-end-capstone/client/src/EtcButton.jsx
FN:11,EtcButton
FNF:1
FNH:0
FNDA:0,EtcButton
DA:1,0
DA:2,0
DA:3,0
DA:4,0
DA:5,0
DA:6,0
DA:8,0
DA:11,0
DA:12,0
DA:14,0
DA:15,0
DA:21,0
DA:27,0
DA:62,0
DA:71,0
LF:15
LH:0
BRF:0
BRH:0
end_of_record
TN:
SF:/Users/davidhong/Desktop/HackReactor/hrsf101-front-end-capstone/client/src/FollowButton.jsx
FN:7,FollowBtnClass
FN:13,FollowButton
FNF:2
FNH:0
FNDA:0,FollowBtnClass
FNDA:0,FollowButton
DA:1,0
DA:2,0
DA:3,0
DA:4,0
DA:5,0
DA:7,0
DA:13,0
DA:14,0
DA:15,0
DA:18,0
DA:22,0
DA:28,0
DA:29,0
LF:13
LH:0
BRDA:28,0,0,0
BRDA:28,0,1,0
BRDA:28,1,0,0
BRDA:28,1,1,0
BRF:4
BRH:0
end_of_record
TN:
SF:/Users/davidhong/Desktop/HackReactor/hrsf101-front-end-capstone/client/src/PlayButton.jsx
FN:10,PlayButton
FNF:1
FNH:0
FNDA:0,PlayButton
DA:1,0
DA:2,0
DA:3,0
DA:4,0
DA:5,0
DA:7,0
DA:10,0
DA:11,0
DA:12,0
DA:15,0
DA:19,0
DA:25,0
DA:26,0
LF:13
LH:0
BRDA:25,0,0,0
BRDA:25,0,1,0
BRF:2
BRH:0
end_of_record
