TN:
SF:/Users/davidhong/Desktop/HackReactor/hrsf101-front-end-capstone/client/spec/dummyData.jsx
FNF:0
FNH:0
DA:1,1
DA:3,1
LF:2
LH:2
BRF:0
BRH:0
end_of_record
TN:
SF:/Users/davidhong/Desktop/HackReactor/hrsf101-front-end-capstone/client/src/Header.jsx
FN:5,(anonymous_0)
FNF:1
FNH:1
FNDA:1,(anonymous_0)
DA:5,2
DA:6,1
DA:7,1
LF:3
LH:3
BRF:0
BRH:0
end_of_record
TN:
SF:/Users/davidhong/Desktop/HackReactor/hrsf101-front-end-capstone/client/src/app.jsx
FN:7,(anonymous_0)
FN:10,(anonymous_1)
FN:14,(anonymous_2)
FN:20,(anonymous_3)
FN:26,(anonymous_4)
FN:27,(anonymous_5)
FN:32,(anonymous_6)
FNF:7
FNH:4
FNDA:1,(anonymous_0)
FNDA:0,(anonymous_1)
FNDA:0,(anonymous_2)
FNDA:1,(anonymous_3)
FNDA:1,(anonymous_4)
FNDA:0,(anonymous_5)
FNDA:1,(anonymous_6)
DA:7,1
DA:8,1
DA:11,0
DA:12,0
DA:21,1
DA:22,1
DA:27,1
DA:28,0
DA:33,1
DA:34,1
LF:10
LH:7
BRDA:33,0,0,0
BRDA:33,0,1,1
BRF:2
BRH:1
end_of_record
TN:
SF:/Users/davidhong/Desktop/HackReactor/hrsf101-front-end-capstone/client/src/index.jsx
FNF:0
FNH:0
DA:1,0
DA:2,0
DA:3,0
DA:5,0
LF:4
LH:0
BRF:0
BRH:0
end_of_record
TN:
SF:/Users/davidhong/Desktop/HackReactor/hrsf101-front-end-capstone/database/index.js
FN:5,(anonymous_0)
FN:8,(anonymous_1)
FNF:2
FNH:1
FNDA:0,(anonymous_0)
FNDA:1,(anonymous_1)
DA:1,1
DA:2,1
DA:4,1
DA:5,1
DA:6,0
DA:8,1
DA:9,1
DA:12,1
DA:26,1
DA:27,1
LF:10
LH:9
BRF:0
BRH:0
end_of_record
TN:
SF:/Users/davidhong/Desktop/HackReactor/hrsf101-front-end-capstone/database/seeder.js
FN:21,(anonymous_1)
FNF:1
FNH:0
FNDA:0,(anonymous_1)
DA:1,0
DA:2,0
DA:4,0
DA:5,0
DA:21,0
DA:22,0
LF:6
LH:0
BRDA:22,0,0,0
BRDA:22,0,1,0
BRF:2
BRH:0
end_of_record
TN:
SF:/Users/davidhong/Desktop/HackReactor/hrsf101-front-end-capstone/server/index.js
FN:39,(anonymous_0)
FN:42,(anonymous_1)
FN:51,(anonymous_2)
FN:54,onStart
FNF:4
FNH:4
FNDA:2,(anonymous_0)
FNDA:1,(anonymous_1)
FNDA:1,(anonymous_2)
FNDA:1,onStart
DA:1,1
DA:2,1
DA:4,1
DA:6,1
DA:7,1
DA:11,1
DA:12,1
DA:13,1
DA:16,1
DA:24,1
DA:33,1
DA:34,1
DA:35,1
DA:36,1
DA:39,1
DA:40,2
DA:41,2
DA:42,1
DA:43,1
DA:44,1
DA:48,1
DA:51,1
DA:52,1
DA:54,1
DA:55,1
DA:56,0
DA:58,1
DA:61,1
LF:28
LH:27
BRDA:41,0,0,1
BRDA:41,0,1,1
BRDA:54,1,0,1
BRDA:54,1,1,1
BRDA:55,2,0,0
BRDA:55,2,1,1
BRDA:58,3,0,1
BRDA:58,3,1,1
BRF:8
BRH:7
end_of_record
